# JRE version: OpenJDK Runtime Environment (17.0.10) (build 17.0.10+0--11609105)
# Java VM: OpenJDK 64-Bit Server VM (17.0.10+0--11609105, mixed mode, tiered, compressed oops, compressed class ptrs, g1 gc, windows-amd64)
GC Precious Log:
 CPUs: 16 total, 16 available
 Memory: 16160M
 Large Page Support: Disabled
 NUMA Support: Disabled
 Compressed Oops: Enabled (32-bit)
 Heap Region Size: 1M
 Heap Min Capacity: 8M
 Heap Initial Capacity: 254M
 Heap Max Capacity: 2G
 Pre-touch: Disabled
 Parallel Workers: 13
 Concurrent Workers: 3
 Concurrent Refinement Workers: 13
 Periodic GC: Disabled
Heap:
 garbage-first heap   total 334848K, used 149265K [0x0000000080000000, 0x0000000100000000)
  region size 1024K, 30 young (30720K), 4 survivors (4096K)
 Metaspace       used 110617K, committed 111488K, reserved 1179648K
  class space    used 15197K, committed 15616K, reserved 1048576K
GC Heap History (20 events):
Event: 8.691 GC heap before
{Heap before GC invocations=35 (full 0):
 garbage-first heap   total 171008K, used 132374K [0x0000000080000000, 0x0000000100000000)
  region size 1024K, 55 young (56320K), 6 survivors (6144K)
 Metaspace       used 86418K, committed 87040K, reserved 1179648K
  class space    used 11675K, committed 11968K, reserved 1048576K
}
Event: 8.697 GC heap after
{Heap after GC invocations=36 (full 0):
 garbage-first heap   total 171008K, used 85985K [0x0000000080000000, 0x0000000100000000)
  region size 1024K, 7 young (7168K), 7 survivors (7168K)
 Metaspace       used 86418K, committed 87040K, reserved 1179648K
  class space    used 11675K, committed 11968K, reserved 1048576K
}
Event: 9.031 GC heap before
{Heap before GC invocations=36 (full 0):
 garbage-first heap   total 171008K, used 134113K [0x0000000080000000, 0x0000000100000000)
  region size 1024K, 54 young (55296K), 7 survivors (7168K)
 Metaspace       used 88023K, committed 88704K, reserved 1179648K
  class space    used 11896K, committed 12224K, reserved 1048576K
}
Event: 9.035 GC heap after
{Heap after GC invocations=37 (full 0):
 garbage-first heap   total 171008K, used 88813K [0x0000000080000000, 0x0000000100000000)
  region size 1024K, 4 young (4096K), 4 survivors (4096K)
 Metaspace       used 88023K, committed 88704K, reserved 1179648K
  class space    used 11896K, committed 12224K, reserved 1048576K
}
Event: 9.500 GC heap before
{Heap before GC invocations=38 (full 0):
 garbage-first heap   total 171008K, used 136941K [0x0000000080000000, 0x0000000100000000)
  region size 1024K, 50 young (51200K), 4 survivors (4096K)
 Metaspace       used 91255K, committed 91904K, reserved 1179648K
  class space    used 12479K, committed 12800K, reserved 1048576K
}
Event: 9.503 GC heap after
{Heap after GC invocations=39 (full 0):
 garbage-first heap   total 171008K, used 90155K [0x0000000080000000, 0x0000000100000000)
  region size 1024K, 5 young (5120K), 5 survivors (5120K)
 Metaspace       used 91255K, committed 91904K, reserved 1179648K
  class space    used 12479K, committed 12800K, reserved 1048576K
}
Event: 9.531 GC heap before
{Heap before GC invocations=39 (full 0):
 garbage-first heap   total 171008K, used 93227K [0x0000000080000000, 0x0000000100000000)
  region size 1024K, 8 young (8192K), 5 survivors (5120K)
 Metaspace       used 91481K, committed 92160K, reserved 1179648K
  class space    used 12533K, committed 12864K, reserved 1048576K
}
Event: 9.534 GC heap after
{Heap after GC invocations=40 (full 0):
 garbage-first heap   total 171008K, used 89872K [0x0000000080000000, 0x0000000100000000)
  region size 1024K, 1 young (1024K), 1 survivors (1024K)
 Metaspace       used 91481K, committed 92160K, reserved 1179648K
  class space    used 12533K, committed 12864K, reserved 1048576K
}
Event: 9.931 GC heap before
{Heap before GC invocations=40 (full 0):
 garbage-first heap   total 171008K, used 138000K [0x0000000080000000, 0x0000000100000000)
  region size 1024K, 48 young (49152K), 1 survivors (1024K)
 Metaspace       used 94806K, committed 95488K, reserved 1179648K
  class space    used 13055K, committed 13376K, reserved 1048576K
}
Event: 9.934 GC heap after
{Heap after GC invocations=41 (full 0):
 garbage-first heap   total 171008K, used 91295K [0x0000000080000000, 0x0000000100000000)
  region size 1024K, 3 young (3072K), 3 survivors (3072K)
 Metaspace       used 94806K, committed 95488K, reserved 1179648K
  class space    used 13055K, committed 13376K, reserved 1048576K
}
Event: 10.399 GC heap before
{Heap before GC invocations=42 (full 0):
 garbage-first heap   total 171008K, used 139423K [0x0000000080000000, 0x0000000100000000)
  region size 1024K, 50 young (51200K), 3 survivors (3072K)
 Metaspace       used 98248K, committed 98944K, reserved 1179648K
  class space    used 13556K, committed 13888K, reserved 1048576K
}
Event: 10.403 GC heap after
{Heap after GC invocations=43 (full 0):
 garbage-first heap   total 171008K, used 94049K [0x0000000080000000, 0x0000000100000000)
  region size 1024K, 5 young (5120K), 5 survivors (5120K)
 Metaspace       used 98248K, committed 98944K, reserved 1179648K
  class space    used 13556K, committed 13888K, reserved 1048576K
}
Event: 10.429 GC heap before
{Heap before GC invocations=43 (full 0):
 garbage-first heap   total 171008K, used 97121K [0x0000000080000000, 0x0000000100000000)
  region size 1024K, 8 young (8192K), 5 survivors (5120K)
 Metaspace       used 98518K, committed 99200K, reserved 1179648K
  class space    used 13595K, committed 13952K, reserved 1048576K
}
Event: 10.432 GC heap after
{Heap after GC invocations=44 (full 0):
 garbage-first heap   total 171008K, used 93928K [0x0000000080000000, 0x0000000100000000)
  region size 1024K, 1 young (1024K), 1 survivors (1024K)
 Metaspace       used 98518K, committed 99200K, reserved 1179648K
  class space    used 13595K, committed 13952K, reserved 1048576K
}
Event: 10.875 GC heap before
{Heap before GC invocations=44 (full 0):
 garbage-first heap   total 171008K, used 141032K [0x0000000080000000, 0x0000000100000000)
  region size 1024K, 47 young (48128K), 1 survivors (1024K)
 Metaspace       used 103086K, committed 103872K, reserved 1179648K
  class space    used 14242K, committed 14592K, reserved 1048576K
}
Event: 10.885 GC heap after
{Heap after GC invocations=45 (full 0):
 garbage-first heap   total 363520K, used 95175K [0x0000000080000000, 0x0000000100000000)
  region size 1024K, 3 young (3072K), 3 survivors (3072K)
 Metaspace       used 103086K, committed 103872K, reserved 1179648K
  class space    used 14242K, committed 14592K, reserved 1048576K
}
Event: 12.770 GC heap before
{Heap before GC invocations=46 (full 0):
 garbage-first heap   total 334848K, used 300999K [0x0000000080000000, 0x0000000100000000)
  region size 1024K, 191 young (195584K), 3 survivors (3072K)
 Metaspace       used 110419K, committed 111232K, reserved 1179648K
  class space    used 15185K, committed 15552K, reserved 1048576K
}
Event: 12.786 GC heap after
{Heap after GC invocations=47 (full 0):
 garbage-first heap   total 334848K, used 119975K [0x0000000080000000, 0x0000000100000000)
  region size 1024K, 24 young (24576K), 24 survivors (24576K)
 Metaspace       used 110419K, committed 111232K, reserved 1179648K
  class space    used 15185K, committed 15552K, reserved 1048576K
}
Event: 12.792 GC heap before
{Heap before GC invocations=47 (full 0):
 garbage-first heap   total 334848K, used 120999K [0x0000000080000000, 0x0000000100000000)
  region size 1024K, 25 young (25600K), 24 survivors (24576K)
 Metaspace       used 110419K, committed 111232K, reserved 1179648K
  class space    used 15185K, committed 15552K, reserved 1048576K
}
Event: 12.803 GC heap after
{Heap after GC invocations=48 (full 0):
 garbage-first heap   total 334848K, used 123665K [0x0000000080000000, 0x0000000100000000)
  region size 1024K, 4 young (4096K), 4 survivors (4096K)
 Metaspace       used 110419K, committed 111232K, reserved 1179648K
  class space    used 15185K, committed 15552K, reserved 1048576K
}

